[debug] [2019-05-16T21:36:59.275Z] ----------------------------------------------------------------------
[debug] [2019-05-16T21:36:59.277Z] Command:       /Users/eldad/.nvm/versions/node/v8.15.0/bin/node /Users/eldad/.nvm/versions/node/v8.15.0/bin/firebase serve --only functions
[debug] [2019-05-16T21:36:59.277Z] CLI Version:   6.5.0
[debug] [2019-05-16T21:36:59.277Z] Platform:      darwin
[debug] [2019-05-16T21:36:59.277Z] Node Version:  v8.15.0
[debug] [2019-05-16T21:36:59.278Z] Time:          Fri May 17 2019 00:36:59 GMT+0300 (IDT)
[debug] [2019-05-16T21:36:59.278Z] ----------------------------------------------------------------------
[debug] 
[debug] [2019-05-16T21:36:59.287Z] > command requires scopes: ["email","openid","https://www.googleapis.com/auth/cloudplatformprojects.readonly","https://www.googleapis.com/auth/firebase","https://www.googleapis.com/auth/cloud-platform"]
[debug] [2019-05-16T21:36:59.287Z] > authorizing via signed-in user
[debug] [2019-05-16T21:36:59.288Z] [iam] checking project testkit-c0228 for permissions ["firebase.projects.get"]
[debug] [2019-05-16T21:36:59.289Z] > refreshing access token with scopes: ["email","https://www.googleapis.com/auth/cloud-platform","https://www.googleapis.com/auth/cloudplatformprojects.readonly","https://www.googleapis.com/auth/firebase","openid"]
[debug] [2019-05-16T21:36:59.290Z] >>> HTTP REQUEST POST https://www.googleapis.com/oauth2/v3/token  
 <request body omitted>
[debug] [2019-05-16T21:36:59.689Z] <<< HTTP RESPONSE 200
[debug] [2019-05-16T21:36:59.712Z] >>> HTTP REQUEST POST https://cloudresourcemanager.googleapis.com/v1/projects/testkit-c0228:testIamPermissions  

[debug] [2019-05-16T21:37:00.813Z] <<< HTTP RESPONSE 200
[debug] [2019-05-16T21:37:00.814Z] >>> HTTP REQUEST GET https://cloudresourcemanager.googleapis.com/v1/projects/testkit-c0228  
 
[debug] [2019-05-16T21:37:01.774Z] <<< HTTP RESPONSE 200
[info] 
[info] === Serving from '/Users/eldad/projects/testkit2'...
[info] 
[info] i  functions: Preparing to emulate functions.
[debug] [2019-05-16T21:37:02.608Z] Fetching environment
[debug] [2019-05-16T21:37:02.610Z] >>> HTTP REQUEST GET https://mobilesdk-pa.googleapis.com/v1/projects/432747880734:getServerAppConfig  
 
[debug] [2019-05-16T21:37:03.148Z] <<< HTTP RESPONSE 200
[debug] [2019-05-16T21:37:03.149Z] Starting @google-cloud/functions-emulator
[debug] [2019-05-16T21:37:04.730Z] Parsing function triggers
[info] ✔  functions: importDataFromPractitest: http://localhost:5000/testkit-c0228/us-central1/importDataFromPractitest
[info] ✔  functions: createWorkspace: http://localhost:5000/testkit-c0228/us-central1/createWorkspace
