[debug] [2019-05-13T22:33:08.539Z] ----------------------------------------------------------------------
[debug] [2019-05-13T22:33:08.541Z] Command:       /Users/eldad/.nvm/versions/node/v10.15.1/bin/node /Users/eldad/.nvm/versions/node/v10.15.1/bin/firebase deploy
[debug] [2019-05-13T22:33:08.541Z] CLI Version:   6.9.0
[debug] [2019-05-13T22:33:08.541Z] Platform:      darwin
[debug] [2019-05-13T22:33:08.541Z] Node Version:  v10.15.1
[debug] [2019-05-13T22:33:08.542Z] Time:          Tue May 14 2019 01:33:08 GMT+0300 (Israel Daylight Time)
[debug] [2019-05-13T22:33:08.542Z] ----------------------------------------------------------------------
[debug] 
[debug] [2019-05-13T22:33:08.553Z] > command requires scopes: ["email","openid","https://www.googleapis.com/auth/cloudplatformprojects.readonly","https://www.googleapis.com/auth/firebase","https://www.googleapis.com/auth/cloud-platform"]
[debug] [2019-05-13T22:33:08.553Z] > authorizing via signed-in user
[debug] [2019-05-13T22:33:08.553Z] [iam] checking project testkit-c0228 for permissions ["cloudfunctions.functions.create","cloudfunctions.functions.delete","cloudfunctions.functions.get","cloudfunctions.functions.list","cloudfunctions.functions.update","cloudfunctions.operations.get","datastore.indexes.create","datastore.indexes.delete","datastore.indexes.list","datastore.indexes.update","firebase.projects.get","firebasehosting.sites.update","firebaserules.releases.create","firebaserules.releases.update","firebaserules.rulesets.create"]
[debug] [2019-05-13T22:33:08.555Z] >>> HTTP REQUEST POST https://cloudresourcemanager.googleapis.com/v1/projects/testkit-c0228:testIamPermissions  

[debug] [2019-05-13T22:33:09.646Z] <<< HTTP RESPONSE 200
[debug] [2019-05-13T22:33:09.648Z] >>> HTTP REQUEST GET https://firebase.googleapis.com/v1beta1/projects/testkit-c0228  
 
[debug] [2019-05-13T22:33:10.185Z] <<< HTTP RESPONSE 200
[info] 
[info] === Deploying to 'testkit-c0228'...
[info] 
[info] i  deploying storage, firestore, functions, hosting
[info] Running command: npm --prefix "$RESOURCE_DIR" run lint
[info] Running command: npm --prefix "$RESOURCE_DIR" run build
[info] ✔  functions: Finished running predeploy script.
[debug] [2019-05-13T22:33:18.787Z] >>> HTTP REQUEST GET https://appengine.googleapis.com/v1/apps/testkit-c0228  
 
[debug] [2019-05-13T22:33:19.944Z] <<< HTTP RESPONSE 200
[info] i  storage: checking storage.rules for compilation errors...
[debug] [2019-05-13T22:33:19.946Z] >>> HTTP REQUEST POST https://firebaserules.googleapis.com/v1/projects/testkit-c0228:test  

[debug] [2019-05-13T22:33:21.028Z] <<< HTTP RESPONSE 200
[info] ✔  storage: rules file storage.rules compiled successfully
[info] i  firestore: checking firestore.rules for compilation errors...
[info] i  firestore: reading indexes from firestore.indexes.json...
[debug] [2019-05-13T22:33:21.031Z] >>> HTTP REQUEST POST https://firebaserules.googleapis.com/v1/projects/testkit-c0228:test  

[debug] [2019-05-13T22:33:21.969Z] <<< HTTP RESPONSE 200
[info] ✔  firestore: rules file firestore.rules compiled successfully
[debug] [2019-05-13T22:33:21.970Z] > [functions] package.json contents: {
  "name": "functions",
  "scripts": {
    "lint": "tslint --project tsconfig.json",
    "build": "tsc",
    "serve": "npm run build && firebase serve --only functions",
    "shell": "npm run build && firebase functions:shell",
    "start": "npm run shell",
    "deploy": "firebase deploy --only functions",
    "logs": "firebase functions:log"
  },
  "engines": {
    "node": "8"
  },
  "main": "lib/index.js",
  "dependencies": {
    "cors": "^2.8.5",
    "express": "^4.16.4",
    "firebase-admin": "~7.0.0",
    "firebase-functions": "^2.3.0"
  },
  "devDependencies": {
    "firebase-functions-test": "^0.1.6",
    "tslint": "^5.12.0",
    "typescript": "^3.2.2"
  },
  "private": true
}
[info] i  functions: ensuring necessary APIs are enabled...
[debug] [2019-05-13T22:33:21.971Z] >>> HTTP REQUEST GET https://servicemanagement.googleapis.com/v1/services/cloudfunctions.googleapis.com/projectSettings/testkit-c0228?view=CONSUMER_VIEW  
 
[debug] [2019-05-13T22:33:21.971Z] >>> HTTP REQUEST GET https://servicemanagement.googleapis.com/v1/services/runtimeconfig.googleapis.com/projectSettings/testkit-c0228?view=CONSUMER_VIEW  
 
[debug] [2019-05-13T22:33:23.583Z] <<< HTTP RESPONSE 200
[debug] [2019-05-13T22:33:23.734Z] <<< HTTP RESPONSE 200
[info] ✔  functions: all necessary APIs are enabled
[debug] [2019-05-13T22:33:23.735Z] >>> HTTP REQUEST GET https://cloudresourcemanager.googleapis.com/v1/projects/testkit-c0228  
 
[debug] [2019-05-13T22:33:24.609Z] <<< HTTP RESPONSE 200
[debug] [2019-05-13T22:33:24.609Z] >>> HTTP REQUEST GET https://mobilesdk-pa.googleapis.com/v1/projects/432747880734:getServerAppConfig  
 
[debug] [2019-05-13T22:33:25.042Z] <<< HTTP RESPONSE 200
[debug] [2019-05-13T22:33:25.043Z] >>> HTTP REQUEST POST https://firebasehosting.googleapis.com/v1beta1/sites/testkit-c0228/versions  

[debug] [2019-05-13T22:33:27.348Z] <<< HTTP RESPONSE 200
[info] i  storage: uploading rules storage.rules...
[debug] [2019-05-13T22:33:27.349Z] >>> HTTP REQUEST POST https://firebaserules.googleapis.com/v1/projects/testkit-c0228/rulesets  

[debug] [2019-05-13T22:33:28.415Z] <<< HTTP RESPONSE 200
[debug] [2019-05-13T22:33:28.415Z] [rules] created ruleset projects/testkit-c0228/rulesets/ac2ea823-00a3-46a5-b5de-ad5b73a5e175
[info] i  firestore: uploading rules firestore.rules...
[debug] [2019-05-13T22:33:28.417Z] >>> HTTP REQUEST POST https://firebaserules.googleapis.com/v1/projects/testkit-c0228/rulesets  

[debug] [2019-05-13T22:33:28.418Z] >>> HTTP REQUEST GET https://firestore.googleapis.com/v1beta2/projects/testkit-c0228/databases/(default)/collectionGroups/-/indexes  
 
[debug] [2019-05-13T22:33:29.056Z] <<< HTTP RESPONSE 200
[debug] [2019-05-13T22:33:29.057Z] >>> HTTP REQUEST GET https://firestore.googleapis.com/v1beta2/projects/testkit-c0228/databases/(default)/collectionGroups/-/fields?filter=indexConfig.usesAncestorConfig=false  
 
[debug] [2019-05-13T22:33:29.527Z] <<< HTTP RESPONSE 200
[debug] [2019-05-13T22:33:29.527Z] [rules] created ruleset projects/testkit-c0228/rulesets/17b605cc-7e95-4621-9400-8009225c0ca9
[debug] [2019-05-13T22:33:30.510Z] <<< HTTP RESPONSE 200
[info] ✔  firestore: deployed indexes in firestore.indexes.json successfully
[info] i  functions: preparing functions directory for uploading...
[debug] [2019-05-13T22:33:30.514Z] >>> HTTP REQUEST GET https://runtimeconfig.googleapis.com/v1beta1/projects/testkit-c0228/configs  
 
[debug] [2019-05-13T22:33:30.964Z] <<< HTTP RESPONSE 200
[info] i  functions: packaged functions (60.21 KB) for uploading
[debug] [2019-05-13T22:33:31.368Z] >>> HTTP REQUEST POST https://cloudfunctions.googleapis.com/v1/projects/testkit-c0228/locations/us-central1/functions:generateUploadUrl  
 
[debug] [2019-05-13T22:33:32.142Z] <<< HTTP RESPONSE 200
[debug] [2019-05-13T22:33:32.143Z] >>> HTTP REQUEST PUT https://storage.googleapis.com/gcf-upload-us-central1-ae206b59-d387-4228-8b46-0f6ca9635463/a1fd468a-949b-47df-9a94-b948824d2ea1.zip?GoogleAccessId=service-432747880734@gcf-admin-robot.iam.gserviceaccount.com&Expires=1557788612&Signature=oDPv0evcjY3v5Q%2BrFe7J2XEnWzfK2Xf32B2N6DR9nXv%2B5LDkXykleKYXnVVaxEjokqLKFS0TdKIcYmGjgvaTZUyblZA2tpsW06Ac6Xu8wgqDTbYorpFfUgATaIo%2FLiloSb0Ftb3c41TYqEy1bZv759RNoPLftigDgaBU3qr0JUG4rWPVzNfxyJs84uKS65kjDtvmO1PcHRhuy7Ii0w23NR0EW0AeGhM%2Fdj57wM65YQGtA7J%2BLgDAmCaVwAZ%2BEk2thi7VCJ7Nz2XGBjYOtSY2ReI1NMtssP%2BqvNDiM10UQ5tUOw9DsO3%2FfYz38lnHnHjW9OwH08Ny84vmTcGbeup49A%3D%3D  

[debug] [2019-05-13T22:33:33.184Z] <<< HTTP RESPONSE 200
[info] ✔  functions: functions folder uploaded successfully
[info] i  hosting[testkit-c0228]: beginning deploy...
[info] i  hosting[testkit-c0228]: found 14 files in build
[debug] [2019-05-13T22:33:33.194Z] [hosting] hash cache [YnVpbGQ] load error: lines is not defined
[debug] [2019-05-13T22:33:34.163Z] [hosting] hash cache [YnVpbGQ] stored for 14 files
[debug] [2019-05-13T22:33:34.163Z] [hosting][hash queue][FINAL]
[debug] [2019-05-13T22:33:34.163Z] >>> HTTP REQUEST POST https://firebasehosting.googleapis.com/v1beta1/sites/testkit-c0228/versions/78f7ec169acfc19e:populateFiles  
 <request body omitted>
[debug] [2019-05-13T22:33:35.887Z] <<< HTTP RESPONSE 200
[debug] [2019-05-13T22:33:35.893Z] [hosting][populate queue][FINAL]
[debug] [2019-05-13T22:33:35.893Z] [hosting] uploads queued: 10
